# JRE version: OpenJDK Runtime Environment (8.0_275-b01) (build 1.8.0_275-b01)
# Java VM: OpenJDK 64-Bit Server VM (25.275-b01 mixed mode windows-amd64 compressed oops)
Heap:
 PSYoungGen      total 134144K, used 37892K [0x00000000f5580000, 0x0000000100000000, 0x0000000100000000)
  eden space 110080K, 12% used [0x00000000f5580000,0x00000000f63743b8,0x00000000fc100000)
  from space 24064K, 98% used [0x00000000fc100000,0x00000000fd80cfd0,0x00000000fd880000)
  to   space 33792K, 0% used [0x00000000fdf00000,0x00000000fdf00000,0x0000000100000000)
 ParOldGen       total 247296K, used 76752K [0x00000000e0000000, 0x00000000ef180000, 0x00000000f5580000)
  object space 247296K, 31% used [0x00000000e0000000,0x00000000e4af4088,0x00000000ef180000)
 Metaspace       used 107735K, capacity 112606K, committed 112792K, reserved 1146880K
  class space    used 14181K, capacity 15186K, committed 15256K, reserved 1048576K
GC Heap History (10 events):
Event: 99.949 GC heap before
{Heap before GC invocations=57 (full 4):
 PSYoungGen      total 145920K, used 126760K [0x00000000f5580000, 0x0000000100000000, 0x0000000100000000)
  eden space 115712K, 100% used [0x00000000f5580000,0x00000000fc680000,0x00000000fc680000)
  from space 30208K, 36% used [0x00000000fe280000,0x00000000fed4a120,0x0000000100000000)
  to   space 28672K, 0% used [0x00000000fc680000,0x00000000fc680000,0x00000000fe280000)
 ParOldGen       total 247296K, used 76712K [0x00000000e0000000, 0x00000000ef180000, 0x00000000f5580000)
  object space 247296K, 31% used [0x00000000e0000000,0x00000000e4aea088,0x00000000ef180000)
 Metaspace       used 96573K, capacity 101012K, committed 101272K, reserved 1136640K
  class space    used 12731K, capacity 13624K, committed 13720K, reserved 1048576K
Event: 99.958 GC heap after
Heap after GC invocations=57 (full 4):
 PSYoungGen      total 126976K, used 10880K [0x00000000f5580000, 0x00000000ffa80000, 0x0000000100000000)
  eden space 115712K, 0% used [0x00000000f5580000,0x00000000f5580000,0x00000000fc680000)
  from space 11264K, 96% used [0x00000000fc680000,0x00000000fd120000,0x00000000fd180000)
  to   space 26624K, 0% used [0x00000000fe080000,0x00000000fe080000,0x00000000ffa80000)
 ParOldGen       total 247296K, used 76720K [0x00000000e0000000, 0x00000000ef180000, 0x00000000f5580000)
  object space 247296K, 31% used [0x00000000e0000000,0x00000000e4aec088,0x00000000ef180000)
 Metaspace       used 96573K, capacity 101012K, committed 101272K, reserved 1136640K
  class space    used 12731K, capacity 13624K, committed 13720K, reserved 1048576K
}
Event: 101.226 GC heap before
{Heap before GC invocations=58 (full 4):
 PSYoungGen      total 126976K, used 126592K [0x00000000f5580000, 0x00000000ffa80000, 0x0000000100000000)
  eden space 115712K, 100% used [0x00000000f5580000,0x00000000fc680000,0x00000000fc680000)
  from space 11264K, 96% used [0x00000000fc680000,0x00000000fd120000,0x00000000fd180000)
  to   space 26624K, 0% used [0x00000000fe080000,0x00000000fe080000,0x00000000ffa80000)
 ParOldGen       total 247296K, used 76720K [0x00000000e0000000, 0x00000000ef180000, 0x00000000f5580000)
  object space 247296K, 31% used [0x00000000e0000000,0x00000000e4aec088,0x00000000ef180000)
 Metaspace       used 102380K, capacity 107018K, committed 107416K, reserved 1142784K
  class space    used 13449K, capacity 14380K, committed 14488K, reserved 1048576K
Event: 101.237 GC heap after
Heap after GC invocations=58 (full 4):
 PSYoungGen      total 141824K, used 15681K [0x00000000f5580000, 0x0000000100000000, 0x0000000100000000)
  eden space 115200K, 0% used [0x00000000f5580000,0x00000000f5580000,0x00000000fc600000)
  from space 26624K, 58% used [0x00000000fe080000,0x00000000fefd0668,0x00000000ffa80000)
  to   space 27136K, 0% used [0x00000000fc600000,0x00000000fc600000,0x00000000fe080000)
 ParOldGen       total 247296K, used 76736K [0x00000000e0000000, 0x00000000ef180000, 0x00000000f5580000)
  object space 247296K, 31% used [0x00000000e0000000,0x00000000e4af0088,0x00000000ef180000)
 Metaspace       used 102380K, capacity 107018K, committed 107416K, reserved 1142784K
  class space    used 13449K, capacity 14380K, committed 14488K, reserved 1048576K
}
Event: 101.939 GC heap before
{Heap before GC invocations=59 (full 4):
 PSYoungGen      total 141824K, used 130881K [0x00000000f5580000, 0x0000000100000000, 0x0000000100000000)
  eden space 115200K, 100% used [0x00000000f5580000,0x00000000fc600000,0x00000000fc600000)
  from space 26624K, 58% used [0x00000000fe080000,0x00000000fefd0668,0x00000000ffa80000)
  to   space 27136K, 0% used [0x00000000fc600000,0x00000000fc600000,0x00000000fe080000)
 ParOldGen       total 247296K, used 76736K [0x00000000e0000000, 0x00000000ef180000, 0x00000000f5580000)
  object space 247296K, 31% used [0x00000000e0000000,0x00000000e4af0088,0x00000000ef180000)
 Metaspace       used 105572K, capacity 110342K, committed 110616K, reserved 1144832K
  class space    used 13870K, capacity 14846K, committed 14872K, reserved 1048576K
Event: 101.952 GC heap after
Heap after GC invocations=59 (full 4):
 PSYoungGen      total 142336K, used 23154K [0x00000000f5580000, 0x0000000100000000, 0x0000000100000000)
  eden space 115200K, 0% used [0x00000000f5580000,0x00000000f5580000,0x00000000fc600000)
  from space 27136K, 85% used [0x00000000fc600000,0x00000000fdc9c9f0,0x00000000fe080000)
  to   space 30208K, 0% used [0x00000000fe280000,0x00000000fe280000,0x0000000100000000)
 ParOldGen       total 247296K, used 76744K [0x00000000e0000000, 0x00000000ef180000, 0x00000000f5580000)
  object space 247296K, 31% used [0x00000000e0000000,0x00000000e4af2088,0x00000000ef180000)
 Metaspace       used 105572K, capacity 110342K, committed 110616K, reserved 1144832K
  class space    used 13870K, capacity 14846K, committed 14872K, reserved 1048576K
}
Event: 102.233 GC heap before
{Heap before GC invocations=60 (full 4):
 PSYoungGen      total 142336K, used 138354K [0x00000000f5580000, 0x0000000100000000, 0x0000000100000000)
  eden space 115200K, 100% used [0x00000000f5580000,0x00000000fc600000,0x00000000fc600000)
  from space 27136K, 85% used [0x00000000fc600000,0x00000000fdc9c9f0,0x00000000fe080000)
  to   space 30208K, 0% used [0x00000000fe280000,0x00000000fe280000,0x0000000100000000)
 ParOldGen       total 247296K, used 76744K [0x00000000e0000000, 0x00000000ef180000, 0x00000000f5580000)
  object space 247296K, 31% used [0x00000000e0000000,0x00000000e4af2088,0x00000000ef180000)
 Metaspace       used 105585K, capacity 110364K, committed 110616K, reserved 1144832K
  class space    used 13874K, capacity 14851K, committed 14872K, reserved 1048576K
Event: 102.245 GC heap after
Heap after GC invocations=60 (full 4):
 PSYoungGen      total 140288K, used 22183K [0x00000000f5580000, 0x0000000100000000, 0x0000000100000000)
  eden space 110080K, 0% used [0x00000000f5580000,0x00000000f5580000,0x00000000fc100000)
  from space 30208K, 73% used [0x00000000fe280000,0x00000000ff829d40,0x0000000100000000)
  to   space 32256K, 0% used [0x00000000fc100000,0x00000000fc100000,0x00000000fe080000)
 ParOldGen       total 247296K, used 76744K [0x00000000e0000000, 0x00000000ef180000, 0x00000000f5580000)
  object space 247296K, 31% used [0x00000000e0000000,0x00000000e4af2088,0x00000000ef180000)
 Metaspace       used 105585K, capacity 110364K, committed 110616K, reserved 1144832K
  class space    used 13874K, capacity 14851K, committed 14872K, reserved 1048576K
}
Event: 103.331 GC heap before
{Heap before GC invocations=61 (full 4):
 PSYoungGen      total 140288K, used 132263K [0x00000000f5580000, 0x0000000100000000, 0x0000000100000000)
  eden space 110080K, 100% used [0x00000000f5580000,0x00000000fc100000,0x00000000fc100000)
  from space 30208K, 73% used [0x00000000fe280000,0x00000000ff829d40,0x0000000100000000)
  to   space 32256K, 0% used [0x00000000fc100000,0x00000000fc100000,0x00000000fe080000)
 ParOldGen       total 247296K, used 76744K [0x00000000e0000000, 0x00000000ef180000, 0x00000000f5580000)
  object space 247296K, 31% used [0x00000000e0000000,0x00000000e4af2088,0x00000000ef180000)
 Metaspace       used 106966K, capacity 111758K, committed 111896K, reserved 1146880K
  class space    used 14069K, capacity 15078K, committed 15128K, reserved 1048576K
Event: 103.343 GC heap after
Heap after GC invocations=61 (full 4):
 PSYoungGen      total 134144K, used 23603K [0x00000000f5580000, 0x0000000100000000, 0x0000000100000000)
  eden space 110080K, 0% used [0x00000000f5580000,0x00000000f5580000,0x00000000fc100000)
  from space 24064K, 98% used [0x00000000fc100000,0x00000000fd80cfd0,0x00000000fd880000)
  to   space 33792K, 0% used [0x00000000fdf00000,0x00000000fdf00000,0x0000000100000000)
 ParOldGen       total 247296K, used 76752K [0x00000000e0000000, 0x00000000ef180000, 0x00000000f5580000)
  object space 247296K, 31% used [0x00000000e0000000,0x00000000e4af4088,0x00000000ef180000)
 Metaspace       used 106966K, capacity 111758K, committed 111896K, reserved 1146880K
  class space    used 14069K, capacity 15078K, committed 15128K, reserved 1048576K
}

