# JRE version: OpenJDK Runtime Environment (8.0_275-b01) (build 1.8.0_275-b01)
# Java VM: OpenJDK 64-Bit Server VM (25.275-b01 mixed mode windows-amd64 compressed oops)
Heap:
 PSYoungGen      total 76288K, used 14727K [0x000000076b000000, 0x0000000770500000, 0x00000007c0000000)
  eden space 65536K, 6% used [0x000000076b000000,0x000000076b3e2f08,0x000000076f000000)
  from space 10752K, 99% used [0x000000076f000000,0x000000076fa7ee00,0x000000076fa80000)
  to   space 10752K, 0% used [0x000000076fa80000,0x000000076fa80000,0x0000000770500000)
 ParOldGen       total 117760K, used 14614K [0x00000006c1000000, 0x00000006c8300000, 0x000000076b000000)
  object space 117760K, 12% used [0x00000006c1000000,0x00000006c1e45a50,0x00000006c8300000)
 Metaspace       used 29884K, capacity 30309K, committed 30464K, reserved 1075200K
  class space    used 3661K, capacity 3786K, committed 3840K, reserved 1048576K
GC Heap History (8 events):
Event: 0.738 GC heap before
{Heap before GC invocations=1 (full 0):
 PSYoungGen      total 76288K, used 65536K [0x000000076b000000, 0x0000000770500000, 0x00000007c0000000)
  eden space 65536K, 100% used [0x000000076b000000,0x000000076f000000,0x000000076f000000)
  from space 10752K, 0% used [0x000000076fa80000,0x000000076fa80000,0x0000000770500000)
  to   space 10752K, 0% used [0x000000076f000000,0x000000076f000000,0x000000076fa80000)
 ParOldGen       total 175104K, used 0K [0x00000006c1000000, 0x00000006cbb00000, 0x000000076b000000)
  object space 175104K, 0% used [0x00000006c1000000,0x00000006c1000000,0x00000006cbb00000)
 Metaspace       used 15641K, capacity 15942K, committed 16128K, reserved 1062912K
  class space    used 1836K, capacity 1937K, committed 2048K, reserved 1048576K
Event: 0.747 GC heap after
Heap after GC invocations=1 (full 0):
 PSYoungGen      total 76288K, used 10744K [0x000000076b000000, 0x0000000770500000, 0x00000007c0000000)
  eden space 65536K, 0% used [0x000000076b000000,0x000000076b000000,0x000000076f000000)
  from space 10752K, 99% used [0x000000076f000000,0x000000076fa7e258,0x000000076fa80000)
  to   space 10752K, 0% used [0x000000076fa80000,0x000000076fa80000,0x0000000770500000)
 ParOldGen       total 175104K, used 4421K [0x00000006c1000000, 0x00000006cbb00000, 0x000000076b000000)
  object space 175104K, 2% used [0x00000006c1000000,0x00000006c1451638,0x00000006cbb00000)
 Metaspace       used 15641K, capacity 15942K, committed 16128K, reserved 1062912K
  class space    used 1836K, capacity 1937K, committed 2048K, reserved 1048576K
}
Event: 0.958 GC heap before
{Heap before GC invocations=2 (full 0):
 PSYoungGen      total 76288K, used 31069K [0x000000076b000000, 0x0000000770500000, 0x00000007c0000000)
  eden space 65536K, 31% used [0x000000076b000000,0x000000076c3d9238,0x000000076f000000)
  from space 10752K, 99% used [0x000000076f000000,0x000000076fa7e258,0x000000076fa80000)
  to   space 10752K, 0% used [0x000000076fa80000,0x000000076fa80000,0x0000000770500000)
 ParOldGen       total 175104K, used 4421K [0x00000006c1000000, 0x00000006cbb00000, 0x000000076b000000)
  object space 175104K, 2% used [0x00000006c1000000,0x00000006c1451638,0x00000006cbb00000)
 Metaspace       used 20747K, capacity 21122K, committed 21296K, reserved 1069056K
  class space    used 2480K, capacity 2615K, committed 2688K, reserved 1048576K
Event: 0.967 GC heap after
Heap after GC invocations=2 (full 0):
 PSYoungGen      total 76288K, used 9626K [0x000000076b000000, 0x0000000770500000, 0x00000007c0000000)
  eden space 65536K, 0% used [0x000000076b000000,0x000000076b000000,0x000000076f000000)
  from space 10752K, 89% used [0x000000076fa80000,0x00000007703e6b38,0x0000000770500000)
  to   space 10752K, 0% used [0x000000076f000000,0x000000076f000000,0x000000076fa80000)
 ParOldGen       total 175104K, used 4493K [0x00000006c1000000, 0x00000006cbb00000, 0x000000076b000000)
  object space 175104K, 2% used [0x00000006c1000000,0x00000006c1463648,0x00000006cbb00000)
 Metaspace       used 20747K, capacity 21122K, committed 21296K, reserved 1069056K
  class space    used 2480K, capacity 2615K, committed 2688K, reserved 1048576K
}
Event: 0.967 GC heap before
{Heap before GC invocations=3 (full 1):
 PSYoungGen      total 76288K, used 9626K [0x000000076b000000, 0x0000000770500000, 0x00000007c0000000)
  eden space 65536K, 0% used [0x000000076b000000,0x000000076b000000,0x000000076f000000)
  from space 10752K, 89% used [0x000000076fa80000,0x00000007703e6b38,0x0000000770500000)
  to   space 10752K, 0% used [0x000000076f000000,0x000000076f000000,0x000000076fa80000)
 ParOldGen       total 175104K, used 4493K [0x00000006c1000000, 0x00000006cbb00000, 0x000000076b000000)
  object space 175104K, 2% used [0x00000006c1000000,0x00000006c1463648,0x00000006cbb00000)
 Metaspace       used 20747K, capacity 21122K, committed 21296K, reserved 1069056K
  class space    used 2480K, capacity 2615K, committed 2688K, reserved 1048576K
Event: 1.000 GC heap after
Heap after GC invocations=3 (full 1):
 PSYoungGen      total 76288K, used 0K [0x000000076b000000, 0x0000000770500000, 0x00000007c0000000)
  eden space 65536K, 0% used [0x000000076b000000,0x000000076b000000,0x000000076f000000)
  from space 10752K, 0% used [0x000000076fa80000,0x000000076fa80000,0x0000000770500000)
  to   space 10752K, 0% used [0x000000076f000000,0x000000076f000000,0x000000076fa80000)
 ParOldGen       total 117760K, used 9329K [0x00000006c1000000, 0x00000006c8300000, 0x000000076b000000)
  object space 117760K, 7% used [0x00000006c1000000,0x00000006c191c6a8,0x00000006c8300000)
 Metaspace       used 20747K, capacity 21122K, committed 21296K, reserved 1069056K
  class space    used 2480K, capacity 2615K, committed 2688K, reserved 1048576K
}
Event: 1.613 GC heap before
{Heap before GC invocations=4 (full 1):
 PSYoungGen      total 76288K, used 65536K [0x000000076b000000, 0x0000000770500000, 0x00000007c0000000)
  eden space 65536K, 100% used [0x000000076b000000,0x000000076f000000,0x000000076f000000)
  from space 10752K, 0% used [0x000000076fa80000,0x000000076fa80000,0x0000000770500000)
  to   space 10752K, 0% used [0x000000076f000000,0x000000076f000000,0x000000076fa80000)
 ParOldGen       total 117760K, used 9329K [0x00000006c1000000, 0x00000006c8300000, 0x000000076b000000)
  object space 117760K, 7% used [0x00000006c1000000,0x00000006c191c6a8,0x00000006c8300000)
 Metaspace       used 29403K, capacity 29829K, committed 30208K, reserved 1075200K
  class space    used 3622K, capacity 3754K, committed 3840K, reserved 1048576K
Event: 1.627 GC heap after
Heap after GC invocations=4 (full 1):
 PSYoungGen      total 76288K, used 10747K [0x000000076b000000, 0x0000000770500000, 0x00000007c0000000)
  eden space 65536K, 0% used [0x000000076b000000,0x000000076b000000,0x000000076f000000)
  from space 10752K, 99% used [0x000000076f000000,0x000000076fa7ee00,0x000000076fa80000)
  to   space 10752K, 0% used [0x000000076fa80000,0x000000076fa80000,0x0000000770500000)
 ParOldGen       total 117760K, used 14614K [0x00000006c1000000, 0x00000006c8300000, 0x000000076b000000)
  object space 117760K, 12% used [0x00000006c1000000,0x00000006c1e45a50,0x00000006c8300000)
 Metaspace       used 29403K, capacity 29829K, committed 30208K, reserved 1075200K
  class space    used 3622K, capacity 3754K, committed 3840K, reserved 1048576K
}

