# JRE version: OpenJDK Runtime Environment (8.0_275-b01) (build 1.8.0_275-b01)
# Java VM: OpenJDK 64-Bit Server VM (25.275-b01 mixed mode windows-amd64 compressed oops)
Heap:
 PSYoungGen      total 148480K, used 112992K [0x00000000f5580000, 0x00000000ffd00000, 0x0000000100000000)
  eden space 125440K, 83% used [0x00000000f5580000,0x00000000fbc57be0,0x00000000fd000000)
  from space 23040K, 33% used [0x00000000fe680000,0x00000000fee00678,0x00000000ffd00000)
  to   space 23040K, 0% used [0x00000000fd000000,0x00000000fd000000,0x00000000fe680000)
 ParOldGen       total 272384K, used 185291K [0x00000000e0000000, 0x00000000f0a00000, 0x00000000f5580000)
  object space 272384K, 68% used [0x00000000e0000000,0x00000000eb4f2e78,0x00000000f0a00000)
 Metaspace       used 152420K, capacity 162180K, committed 162304K, reserved 1189888K
  class space    used 19609K, capacity 21668K, committed 21760K, reserved 1048576K
GC Heap History (10 events):
Event: 4076.389 GC heap before
{Heap before GC invocations=65 (full 7):
 PSYoungGen      total 147456K, used 143096K [0x00000000f5580000, 0x0000000100000000, 0x0000000100000000)
  eden space 123392K, 100% used [0x00000000f5580000,0x00000000fce00000,0x00000000fce00000)
  from space 24064K, 81% used [0x00000000fce00000,0x00000000fe13e0e0,0x00000000fe580000)
  to   space 26112K, 0% used [0x00000000fe680000,0x00000000fe680000,0x0000000100000000)
 ParOldGen       total 272384K, used 139655K [0x00000000e0000000, 0x00000000f0a00000, 0x00000000f5580000)
  object space 272384K, 51% used [0x00000000e0000000,0x00000000e8861fc0,0x00000000f0a00000)
 Metaspace       used 151214K, capacity 160798K, committed 161024K, reserved 1187840K
  class space    used 19534K, capacity 21593K, committed 21760K, reserved 1048576K
Event: 4076.404 GC heap after
Heap after GC invocations=65 (full 7):
 PSYoungGen      total 148992K, used 5308K [0x00000000f5580000, 0x0000000100000000, 0x0000000100000000)
  eden space 122880K, 0% used [0x00000000f5580000,0x00000000f5580000,0x00000000fcd80000)
  from space 26112K, 20% used [0x00000000fe680000,0x00000000febaf038,0x0000000100000000)
  to   space 25600K, 0% used [0x00000000fcd80000,0x00000000fcd80000,0x00000000fe680000)
 ParOldGen       total 272384K, used 158904K [0x00000000e0000000, 0x00000000f0a00000, 0x00000000f5580000)
  object space 272384K, 58% used [0x00000000e0000000,0x00000000e9b2e168,0x00000000f0a00000)
 Metaspace       used 151214K, capacity 160798K, committed 161024K, reserved 1187840K
  class space    used 19534K, capacity 21593K, committed 21760K, reserved 1048576K
}
Event: 4076.971 GC heap before
{Heap before GC invocations=66 (full 7):
 PSYoungGen      total 148992K, used 128188K [0x00000000f5580000, 0x0000000100000000, 0x0000000100000000)
  eden space 122880K, 100% used [0x00000000f5580000,0x00000000fcd80000,0x00000000fcd80000)
  from space 26112K, 20% used [0x00000000fe680000,0x00000000febaf038,0x0000000100000000)
  to   space 25600K, 0% used [0x00000000fcd80000,0x00000000fcd80000,0x00000000fe680000)
 ParOldGen       total 272384K, used 158904K [0x00000000e0000000, 0x00000000f0a00000, 0x00000000f5580000)
  object space 272384K, 58% used [0x00000000e0000000,0x00000000e9b2e168,0x00000000f0a00000)
 Metaspace       used 151233K, capacity 160798K, committed 161024K, reserved 1187840K
  class space    used 19534K, capacity 21593K, committed 21760K, reserved 1048576K
Event: 4076.987 GC heap after
Heap after GC invocations=66 (full 7):
 PSYoungGen      total 148480K, used 14298K [0x00000000f5580000, 0x00000000fff80000, 0x0000000100000000)
  eden space 122880K, 0% used [0x00000000f5580000,0x00000000f5580000,0x00000000fcd80000)
  from space 25600K, 55% used [0x00000000fcd80000,0x00000000fdb76a98,0x00000000fe680000)
  to   space 25600K, 0% used [0x00000000fe680000,0x00000000fe680000,0x00000000fff80000)
 ParOldGen       total 272384K, used 163603K [0x00000000e0000000, 0x00000000f0a00000, 0x00000000f5580000)
  object space 272384K, 60% used [0x00000000e0000000,0x00000000e9fc4ee8,0x00000000f0a00000)
 Metaspace       used 151233K, capacity 160798K, committed 161024K, reserved 1187840K
  class space    used 19534K, capacity 21593K, committed 21760K, reserved 1048576K
}
Event: 4077.556 GC heap before
{Heap before GC invocations=67 (full 7):
 PSYoungGen      total 148480K, used 137169K [0x00000000f5580000, 0x00000000fff80000, 0x0000000100000000)
  eden space 122880K, 99% used [0x00000000f5580000,0x00000000fcd7dd28,0x00000000fcd80000)
  from space 25600K, 55% used [0x00000000fcd80000,0x00000000fdb76a98,0x00000000fe680000)
  to   space 25600K, 0% used [0x00000000fe680000,0x00000000fe680000,0x00000000fff80000)
 ParOldGen       total 272384K, used 163603K [0x00000000e0000000, 0x00000000f0a00000, 0x00000000f5580000)
  object space 272384K, 60% used [0x00000000e0000000,0x00000000e9fc4ee8,0x00000000f0a00000)
 Metaspace       used 151319K, capacity 160904K, committed 161280K, reserved 1189888K
  class space    used 19537K, capacity 21600K, committed 21760K, reserved 1048576K
Event: 4077.578 GC heap after
Heap after GC invocations=67 (full 7):
 PSYoungGen      total 148480K, used 4128K [0x00000000f5580000, 0x00000000fff00000, 0x0000000100000000)
  eden space 123392K, 0% used [0x00000000f5580000,0x00000000f5580000,0x00000000fce00000)
  from space 25088K, 16% used [0x00000000fe680000,0x00000000fea88020,0x00000000fff00000)
  to   space 25088K, 0% used [0x00000000fce00000,0x00000000fce00000,0x00000000fe680000)
 ParOldGen       total 272384K, used 176460K [0x00000000e0000000, 0x00000000f0a00000, 0x00000000f5580000)
  object space 272384K, 64% used [0x00000000e0000000,0x00000000eac533e8,0x00000000f0a00000)
 Metaspace       used 151319K, capacity 160904K, committed 161280K, reserved 1189888K
  class space    used 19537K, capacity 21600K, committed 21760K, reserved 1048576K
}
Event: 4078.116 GC heap before
{Heap before GC invocations=68 (full 7):
 PSYoungGen      total 148480K, used 127512K [0x00000000f5580000, 0x00000000fff00000, 0x0000000100000000)
  eden space 123392K, 99% used [0x00000000f5580000,0x00000000fcdfe240,0x00000000fce00000)
  from space 25088K, 16% used [0x00000000fe680000,0x00000000fea88020,0x00000000fff00000)
  to   space 25088K, 0% used [0x00000000fce00000,0x00000000fce00000,0x00000000fe680000)
 ParOldGen       total 272384K, used 176460K [0x00000000e0000000, 0x00000000f0a00000, 0x00000000f5580000)
  object space 272384K, 64% used [0x00000000e0000000,0x00000000eac533e8,0x00000000f0a00000)
 Metaspace       used 151467K, capacity 161034K, committed 161280K, reserved 1189888K
  class space    used 19545K, capacity 21611K, committed 21760K, reserved 1048576K
Event: 4078.137 GC heap after
Heap after GC invocations=68 (full 7):
 PSYoungGen      total 148480K, used 7108K [0x00000000f5580000, 0x00000000ffe00000, 0x0000000100000000)
  eden space 123392K, 0% used [0x00000000f5580000,0x00000000f5580000,0x00000000fce00000)
  from space 25088K, 28% used [0x00000000fce00000,0x00000000fd4f1050,0x00000000fe680000)
  to   space 24064K, 0% used [0x00000000fe680000,0x00000000fe680000,0x00000000ffe00000)
 ParOldGen       total 272384K, used 179882K [0x00000000e0000000, 0x00000000f0a00000, 0x00000000f5580000)
  object space 272384K, 66% used [0x00000000e0000000,0x00000000eafaa980,0x00000000f0a00000)
 Metaspace       used 151467K, capacity 161034K, committed 161280K, reserved 1189888K
  class space    used 19545K, capacity 21611K, committed 21760K, reserved 1048576K
}
Event: 4087.404 GC heap before
{Heap before GC invocations=69 (full 7):
 PSYoungGen      total 148480K, used 130500K [0x00000000f5580000, 0x00000000ffe00000, 0x0000000100000000)
  eden space 123392K, 100% used [0x00000000f5580000,0x00000000fce00000,0x00000000fce00000)
  from space 25088K, 28% used [0x00000000fce00000,0x00000000fd4f1050,0x00000000fe680000)
  to   space 24064K, 0% used [0x00000000fe680000,0x00000000fe680000,0x00000000ffe00000)
 ParOldGen       total 272384K, used 179882K [0x00000000e0000000, 0x00000000f0a00000, 0x00000000f5580000)
  object space 272384K, 66% used [0x00000000e0000000,0x00000000eafaa980,0x00000000f0a00000)
 Metaspace       used 151998K, capacity 161714K, committed 162048K, reserved 1189888K
  class space    used 19585K, capacity 21655K, committed 21760K, reserved 1048576K
Event: 4087.418 GC heap after
Heap after GC invocations=69 (full 7):
 PSYoungGen      total 148480K, used 7681K [0x00000000f5580000, 0x00000000ffd00000, 0x0000000100000000)
  eden space 125440K, 0% used [0x00000000f5580000,0x00000000f5580000,0x00000000fd000000)
  from space 23040K, 33% used [0x00000000fe680000,0x00000000fee00678,0x00000000ffd00000)
  to   space 23040K, 0% used [0x00000000fd000000,0x00000000fd000000,0x00000000fe680000)
 ParOldGen       total 272384K, used 185291K [0x00000000e0000000, 0x00000000f0a00000, 0x00000000f5580000)
  object space 272384K, 68% used [0x00000000e0000000,0x00000000eb4f2e78,0x00000000f0a00000)
 Metaspace       used 151998K, capacity 161714K, committed 162048K, reserved 1189888K
  class space    used 19585K, capacity 21655K, committed 21760K, reserved 1048576K
}

