# JRE version: OpenJDK Runtime Environment (8.0_275-b01) (build 1.8.0_275-b01)
# Java VM: OpenJDK 64-Bit Server VM (25.275-b01 mixed mode windows-amd64 compressed oops)
Heap:
 PSYoungGen      total 141824K, used 29974K [0x000000076b000000, 0x0000000774500000, 0x00000007c0000000)
  eden space 131072K, 22% used [0x000000076b000000,0x000000076cd459d0,0x0000000773000000)
  from space 10752K, 0% used [0x0000000773000000,0x0000000773000000,0x0000000773a80000)
  to   space 10752K, 0% used [0x0000000773a80000,0x0000000773a80000,0x0000000774500000)
 ParOldGen       total 115200K, used 28831K [0x00000006c1000000, 0x00000006c8080000, 0x000000076b000000)
  object space 115200K, 25% used [0x00000006c1000000,0x00000006c2c27f40,0x00000006c8080000)
 Metaspace       used 38010K, capacity 38556K, committed 38912K, reserved 1083392K
  class space    used 4862K, capacity 5013K, committed 5120K, reserved 1048576K
GC Heap History (10 events):
Event: 0.791 GC heap before
{Heap before GC invocations=1 (full 0):
 PSYoungGen      total 76288K, used 65536K [0x000000076b000000, 0x0000000770500000, 0x00000007c0000000)
  eden space 65536K, 100% used [0x000000076b000000,0x000000076f000000,0x000000076f000000)
  from space 10752K, 0% used [0x000000076fa80000,0x000000076fa80000,0x0000000770500000)
  to   space 10752K, 0% used [0x000000076f000000,0x000000076f000000,0x000000076fa80000)
 ParOldGen       total 175104K, used 0K [0x00000006c1000000, 0x00000006cbb00000, 0x000000076b000000)
  object space 175104K, 0% used [0x00000006c1000000,0x00000006c1000000,0x00000006cbb00000)
 Metaspace       used 15651K, capacity 15942K, committed 16128K, reserved 1062912K
  class space    used 1838K, capacity 1937K, committed 2048K, reserved 1048576K
Event: 0.802 GC heap after
Heap after GC invocations=1 (full 0):
 PSYoungGen      total 76288K, used 10737K [0x000000076b000000, 0x0000000774500000, 0x00000007c0000000)
  eden space 65536K, 0% used [0x000000076b000000,0x000000076b000000,0x000000076f000000)
  from space 10752K, 99% used [0x000000076f000000,0x000000076fa7c410,0x000000076fa80000)
  to   space 10752K, 0% used [0x0000000773a80000,0x0000000773a80000,0x0000000774500000)
 ParOldGen       total 175104K, used 4404K [0x00000006c1000000, 0x00000006cbb00000, 0x000000076b000000)
  object space 175104K, 2% used [0x00000006c1000000,0x00000006c144d290,0x00000006cbb00000)
 Metaspace       used 15651K, capacity 15942K, committed 16128K, reserved 1062912K
  class space    used 1838K, capacity 1937K, committed 2048K, reserved 1048576K
}
Event: 1.042 GC heap before
{Heap before GC invocations=2 (full 0):
 PSYoungGen      total 76288K, used 32145K [0x000000076b000000, 0x0000000774500000, 0x00000007c0000000)
  eden space 65536K, 32% used [0x000000076b000000,0x000000076c4e8338,0x000000076f000000)
  from space 10752K, 99% used [0x000000076f000000,0x000000076fa7c410,0x000000076fa80000)
  to   space 10752K, 0% used [0x0000000773a80000,0x0000000773a80000,0x0000000774500000)
 ParOldGen       total 175104K, used 4404K [0x00000006c1000000, 0x00000006cbb00000, 0x000000076b000000)
  object space 175104K, 2% used [0x00000006c1000000,0x00000006c144d290,0x00000006cbb00000)
 Metaspace       used 20739K, capacity 21122K, committed 21296K, reserved 1069056K
  class space    used 2480K, capacity 2615K, committed 2688K, reserved 1048576K
Event: 1.050 GC heap after
Heap after GC invocations=2 (full 0):
 PSYoungGen      total 141824K, used 9522K [0x000000076b000000, 0x0000000774500000, 0x00000007c0000000)
  eden space 131072K, 0% used [0x000000076b000000,0x000000076b000000,0x0000000773000000)
  from space 10752K, 88% used [0x0000000773a80000,0x00000007743cca20,0x0000000774500000)
  to   space 10752K, 0% used [0x0000000773000000,0x0000000773000000,0x0000000773a80000)
 ParOldGen       total 175104K, used 4476K [0x00000006c1000000, 0x00000006cbb00000, 0x000000076b000000)
  object space 175104K, 2% used [0x00000006c1000000,0x00000006c145f2a0,0x00000006cbb00000)
 Metaspace       used 20739K, capacity 21122K, committed 21296K, reserved 1069056K
  class space    used 2480K, capacity 2615K, committed 2688K, reserved 1048576K
}
Event: 1.050 GC heap before
{Heap before GC invocations=3 (full 1):
 PSYoungGen      total 141824K, used 9522K [0x000000076b000000, 0x0000000774500000, 0x00000007c0000000)
  eden space 131072K, 0% used [0x000000076b000000,0x000000076b000000,0x0000000773000000)
  from space 10752K, 88% used [0x0000000773a80000,0x00000007743cca20,0x0000000774500000)
  to   space 10752K, 0% used [0x0000000773000000,0x0000000773000000,0x0000000773a80000)
 ParOldGen       total 175104K, used 4476K [0x00000006c1000000, 0x00000006cbb00000, 0x000000076b000000)
  object space 175104K, 2% used [0x00000006c1000000,0x00000006c145f2a0,0x00000006cbb00000)
 Metaspace       used 20739K, capacity 21122K, committed 21296K, reserved 1069056K
  class space    used 2480K, capacity 2615K, committed 2688K, reserved 1048576K
Event: 1.077 GC heap after
Heap after GC invocations=3 (full 1):
 PSYoungGen      total 141824K, used 0K [0x000000076b000000, 0x0000000774500000, 0x00000007c0000000)
  eden space 131072K, 0% used [0x000000076b000000,0x000000076b000000,0x0000000773000000)
  from space 10752K, 0% used [0x0000000773a80000,0x0000000773a80000,0x0000000774500000)
  to   space 10752K, 0% used [0x0000000773000000,0x0000000773000000,0x0000000773a80000)
 ParOldGen       total 115200K, used 9271K [0x00000006c1000000, 0x00000006c8080000, 0x000000076b000000)
  object space 115200K, 8% used [0x00000006c1000000,0x00000006c190dc78,0x00000006c8080000)
 Metaspace       used 20739K, capacity 21122K, committed 21296K, reserved 1069056K
  class space    used 2480K, capacity 2615K, committed 2688K, reserved 1048576K
}
Event: 1.998 GC heap before
{Heap before GC invocations=4 (full 1):
 PSYoungGen      total 141824K, used 100066K [0x000000076b000000, 0x0000000774500000, 0x00000007c0000000)
  eden space 131072K, 76% used [0x000000076b000000,0x00000007711b8898,0x0000000773000000)
  from space 10752K, 0% used [0x0000000773a80000,0x0000000773a80000,0x0000000774500000)
  to   space 10752K, 0% used [0x0000000773000000,0x0000000773000000,0x0000000773a80000)
 ParOldGen       total 115200K, used 9271K [0x00000006c1000000, 0x00000006c8080000, 0x000000076b000000)
  object space 115200K, 8% used [0x00000006c1000000,0x00000006c190dc78,0x00000006c8080000)
 Metaspace       used 34816K, capacity 35292K, committed 35496K, reserved 1081344K
  class space    used 4458K, capacity 4603K, committed 4608K, reserved 1048576K
Event: 2.014 GC heap after
Heap after GC invocations=4 (full 1):
 PSYoungGen      total 141824K, used 10722K [0x000000076b000000, 0x0000000774500000, 0x00000007c0000000)
  eden space 131072K, 0% used [0x000000076b000000,0x000000076b000000,0x0000000773000000)
  from space 10752K, 99% used [0x0000000773000000,0x0000000773a78af0,0x0000000773a80000)
  to   space 10752K, 0% used [0x0000000773a80000,0x0000000773a80000,0x0000000774500000)
 ParOldGen       total 115200K, used 22268K [0x00000006c1000000, 0x00000006c8080000, 0x000000076b000000)
  object space 115200K, 19% used [0x00000006c1000000,0x00000006c25bf1d8,0x00000006c8080000)
 Metaspace       used 34816K, capacity 35292K, committed 35496K, reserved 1081344K
  class space    used 4458K, capacity 4603K, committed 4608K, reserved 1048576K
}
Event: 2.014 GC heap before
{Heap before GC invocations=5 (full 2):
 PSYoungGen      total 141824K, used 10722K [0x000000076b000000, 0x0000000774500000, 0x00000007c0000000)
  eden space 131072K, 0% used [0x000000076b000000,0x000000076b000000,0x0000000773000000)
  from space 10752K, 99% used [0x0000000773000000,0x0000000773a78af0,0x0000000773a80000)
  to   space 10752K, 0% used [0x0000000773a80000,0x0000000773a80000,0x0000000774500000)
 ParOldGen       total 115200K, used 22268K [0x00000006c1000000, 0x00000006c8080000, 0x000000076b000000)
  object space 115200K, 19% used [0x00000006c1000000,0x00000006c25bf1d8,0x00000006c8080000)
 Metaspace       used 34816K, capacity 35292K, committed 35496K, reserved 1081344K
  class space    used 4458K, capacity 4603K, committed 4608K, reserved 1048576K
Event: 2.051 GC heap after
Heap after GC invocations=5 (full 2):
 PSYoungGen      total 141824K, used 0K [0x000000076b000000, 0x0000000774500000, 0x00000007c0000000)
  eden space 131072K, 0% used [0x000000076b000000,0x000000076b000000,0x0000000773000000)
  from space 10752K, 0% used [0x0000000773000000,0x0000000773000000,0x0000000773a80000)
  to   space 10752K, 0% used [0x0000000773a80000,0x0000000773a80000,0x0000000774500000)
 ParOldGen       total 115200K, used 28831K [0x00000006c1000000, 0x00000006c8080000, 0x000000076b000000)
  object space 115200K, 25% used [0x00000006c1000000,0x00000006c2c27f40,0x00000006c8080000)
 Metaspace       used 34816K, capacity 35292K, committed 35496K, reserved 1081344K
  class space    used 4458K, capacity 4603K, committed 4608K, reserved 1048576K
}

